
CondaValueError: prefix already exists: /u/saumi/conda-envs/gpu_env


CommandNotFoundError: Your shell has not been properly configured to use 'conda activate'.
To initialize your shell, run

    $ conda init <SHELL_NAME>

Currently supported shells are:
  - bash
  - fish
  - tcsh
  - xonsh
  - zsh
  - powershell

See 'conda init --help' for more information and options.

IMPORTANT: You may need to close and restart your shell after running 'conda init'.


/raven/u/saumi/multi-object-detection/Slot-Attention/code
/raven/u/saumi/multi-object-detection/Slot-Attention/code/data.py:94: RuntimeWarning: invalid value encountered in true_divide
  eventMasks = np.where(eventHistograms>0,eventMasks/eventHistograms,eventMasks)
Starting from an earlier training from configs/isa-cosine-decay.yaml
iter 250 , loss 0.23831426 , lr 1.4994217771805423e-05
iter 500 , loss 0.16974768 , lr 2.9953760005996917e-05
iter 750 , loss 0.14984863 , lr 4.484404028148584e-05
iter 1000 , loss 0.12545907 , lr 5.963065021785413e-05
iter 1250 , loss 0.11453065 , lr 7.427944801512113e-05
iter 1500 , loss 0.11003597 , lr 8.875664641789544e-05
iter 1750 , loss 0.087602705 , lr 0.00010302889991381646
iter 2000 , loss 0.08513322 , lr 0.00011706339097770922
iter 2250 , loss 0.07104218 , lr 0.00013082791517476767
iter 2500 , loss 0.07730429 , lr 0.0001442909649383465
iter 2750 , loss 0.054133873 , lr 0.00015742181184056923
iter 3000 , loss 0.05772468 , lr 0.00017019058717695308
iter 3250 , loss 0.05696635 , lr 0.00018256836068959774
iter 3500 , loss 0.066744566 , lr 0.00019452721725717964
iter 3750 , loss 0.0498616 , lr 0.00020604033138403634
iter 4000 , loss 0.04926002 , lr 0.0002170820393249937
iter 4250 , loss 0.046555612 , lr 0.00022762790868729492
iter 4500 , loss 0.04422781 , lr 0.0002376548053560042
iter 4750 , loss 0.05459563 , lr 0.00024714095759458514
iter 5000 , loss 0.05294945 , lr 0.00025606601717798207
iter 5250 , loss 0.03781902 , lr 0.0002518201118299413
iter 5500 , loss 0.03785318 , lr 0.00024741720724952754
iter 5750 , loss 0.040378984 , lr 0.00024286409239647507
iter 6000 , loss 0.043386944 , lr 0.00023816778784387094
iter 6250 , loss 0.05529076 , lr 0.00023333553495294033
iter 6500 , loss 0.040515617 , lr 0.0002283747847073923
iter 6750 , loss 0.044052295 , lr 0.00022329318622454325
iter 7000 , loss 0.05329211 , lr 0.00021809857496093199
iter 7250 , loss 0.034142293 , lr 0.0002127989606306142
iter 7500 , loss 0.051893286 , lr 0.00020740251485476345
iter 7750 , loss 0.03879765 , lr 0.00020191755856162393
iter 8000 , loss 0.044741903 , lr 0.0001963525491562421
iter 8250 , loss 0.045872346 , lr 0.00019071606747976113
iter 8500 , loss 0.04413995 , lr 0.0001850168045783858
iter 8750 , loss 0.04823947 , lr 0.00017926354830241924
iter 9000 , loss 0.036508948 , lr 0.00017346516975603462
iter 9250 , loss 0.036391333 , lr 0.00016763060961867566
iter 9500 , loss 0.033096544 , lr 0.00016176886435917675
iter 9750 , loss 0.03308052 , lr 0.0001558889723638603
iter 10000 , loss 0.039027885 , lr 0.00015
iter 10250 , loss 0.036445804 , lr 0.0001441110276361397
iter 10500 , loss 0.040939655 , lr 0.00013823113564082325
iter 10750 , loss 0.059654556 , lr 0.0001323693903813244
iter 11000 , loss 0.061003882 , lr 0.0001265348302439654
iter 11250 , loss 0.05689369 , lr 0.00012073645169758072
iter 11500 , loss 0.042958774 , lr 0.0001149831954216142
iter 11750 , loss 0.0450008 , lr 0.00010928393252023886
iter 12000 , loss 0.028567713 , lr 0.0001036474508437579
iter 12250 , loss 0.0358125 , lr 9.808244143837605e-05
iter 12500 , loss 0.04033591 , lr 9.259748514523656e-05
iter 12750 , loss 0.03555811 , lr 8.720103936938576e-05
iter 13000 , loss 0.036504522 , lr 8.190142503906798e-05
iter 13250 , loss 0.03016973 , lr 7.670681377545674e-05
iter 13500 , loss 0.029822337 , lr 7.162521529260767e-05
iter 13750 , loss 0.030632593 , lr 6.66644650470597e-05
iter 14000 , loss 0.031336956 , lr 6.183221215612904e-05
iter 14250 , loss 0.030808263 , lr 5.7135907603524936e-05
iter 14500 , loss 0.030192781 , lr 5.2582792750472464e-05
iter 14750 , loss 0.035961226 , lr 4.817988817005873e-05
iter 15000 , loss 0.052414 , lr 4.3933982822017876e-05
iter 15250 , loss 0.050033927 , lr 3.9851623584647144e-05
iter 15500 , loss 0.044740945 , lr 3.593910515999536e-05
iter 15750 , loss 0.03418084 , lr 3.220246036788829e-05
iter 16000 , loss 0.03710132 , lr 2.8647450843757897e-05
iter 16250 , loss 0.03563174 , lr 2.5279558154618197e-05
iter 16500 , loss 0.03953843 , lr 2.210397534688617e-05
iter 16750 , loss 0.034959856 , lr 1.912559893908042e-05
iter 17000 , loss 0.03500879 , lr 1.634902137174483e-05
iter 17250 , loss 0.03167105 , lr 1.3778523926237827e-05
iter 17500 , loss 0.03143958 , lr 1.1418070123306989e-05
iter 17750 , loss 0.035179973 , lr 9.271299611627391e-06
iter 18000 , loss 0.034761295 , lr 7.34152255572697e-06
iter 18250 , loss 0.03227251 , lr 5.631714531952908e-06
iter 18500 , loss 0.030361004 , lr 4.144511940348516e-06
iter 18750 , loss 0.037445378 , lr 2.882207939515435e-06
iter 19000 , loss 0.042085886 , lr 1.8467489107293509e-06
iter 19250 , loss 0.034203663 , lr 1.0397314567610559e-06
iter 19500 , loss 0.033500552 , lr 4.623999400308054e-07
iter 19750 , loss 0.0300644 , lr 1.1564456389156485e-07
iter 20000 , loss 0.031747453 , lr 0.0
                                  
================================= 
Global information about the job: 
================================= 
  
Job owner: saumi(54773)
Job name:  isa-alpha3_12
Node list: ravg1192
Job start: Mon Nov 13 17:28:47 CET 2023
Job end:   Mon Nov 13 19:23:43 CET 2023
Work dir:  /raven/u/saumi/multi-object-detection/Slot-Attention/code
Command:   /raven/u/saumi/multi-object-detection/Slot-Attention/code/slurm_scripts/isa-alpha3_12.sh
  
  
  
==========================================================================================
Information on jobsteps (Note: MaxRSS/AveRSS is the maximum/average over all 
tasks of the per-task memory high-water marks; cf. "man sacct"): 
==========================================================================================
  
JobID            JobName NNodes NTasks  NCPUS       MaxRSS       AveRSS    Elapsed ExitCode
------------- ---------- ------ ------ ------ ------------ ------------ ---------- --------
7832357       isa-alpha3      1             8                             01:54:56      0:0
  
Maximum memory per node: 2.659463 GB (defined as MaxRSS*Ntasks/NNodes)
CPU utilization: 120.8 %
  
