/raven/u/saumi/multi-object-detection/Slot-Attention/code
models//isa-discovery-mode2 already exists
figures//isa-discovery-mode2 already exists
Starting from an earlier training from configs/isa-cosine-decay.yaml
iter 250 , loss 137.01956 , lr 1.4994217771805423e-05
iter 500 , loss 27.521637 , lr 2.9953760005996917e-05
iter 750 , loss 1.3042836 , lr 4.484404028148584e-05
iter 1000 , loss 0.032134525 , lr 5.963065021785413e-05
iter 1250 , loss 0.0054548127 , lr 7.427944801512113e-05
iter 1500 , loss 0.0024032537 , lr 8.875664641789544e-05
iter 1750 , loss 0.0013314756 , lr 0.00010302889991381646
iter 2000 , loss 0.004182009 , lr 0.00011706339097770922
iter 2250 , loss 0.00048492246 , lr 0.00013082791517476767
iter 2500 , loss 0.05838624 , lr 0.0001442909649383465
iter 2750 , loss 0.00022164002 , lr 0.00015742181184056923
iter 3000 , loss 0.00019443649 , lr 0.00017019058717695308
iter 3250 , loss 0.00011939515 , lr 0.00018256836068959774
iter 3500 , loss 0.000103868406 , lr 0.00019452721725717964
iter 3750 , loss 0.007871385 , lr 0.00020604033138403634
iter 4000 , loss 0.00013791057 , lr 0.0002170820393249937
iter 4250 , loss 4.9690876e-05 , lr 0.00022762790868729492
iter 4500 , loss 9.889226e-05 , lr 0.0002376548053560042
iter 4750 , loss 2.583705e-05 , lr 0.00024714095759458514
iter 5000 , loss 0.07812925 , lr 0.00025606601717798207
iter 5250 , loss 0.078132406 , lr 0.0002518201118299413
iter 5500 , loss 2.634282e-05 , lr 0.00024741720724952754
iter 5750 , loss 1.6331767e-05 , lr 0.00024286409239647507
iter 6000 , loss 0.062433846 , lr 0.00023816778784387094
iter 6250 , loss 0.08204159 , lr 0.00023333553495294033
iter 6500 , loss 0.089839846 , lr 0.0002283747847073923
iter 6750 , loss 0.10141448 , lr 0.00022329318622454325
iter 7000 , loss 2.4949783e-05 , lr 0.00021809857496093199
iter 7250 , loss 1.5374502e-05 , lr 0.0002127989606306142
iter 7500 , loss 7.849396e-06 , lr 0.00020740251485476345
iter 7750 , loss 1.2804796e-05 , lr 0.00020191755856162393
iter 8000 , loss 7.672696e-06 , lr 0.0001963525491562421
iter 8250 , loss 7.752533e-06 , lr 0.00019071606747976113
iter 8500 , loss 1.6346808e-05 , lr 0.0001850168045783858
iter 8750 , loss 2.001495e-06 , lr 0.00017926354830241924
iter 9000 , loss 1.2981086e-06 , lr 0.00017346516975603462
iter 9250 , loss 1.3736366e-06 , lr 0.00016763060961867566
iter 9500 , loss 0.07649456 , lr 0.00016176886435917675
iter 9750 , loss 4.525377e-06 , lr 0.0001558889723638603
iter 10000 , loss 0.05468682 , lr 0.00015
iter 10250 , loss 2.4950396e-06 , lr 0.0001441110276361397
iter 10500 , loss 1.3921265e-06 , lr 0.00013823113564082325
iter 10750 , loss 6.2992617e-06 , lr 0.0001323693903813244
iter 11000 , loss 3.6248598e-06 , lr 0.0001265348302439654
iter 11250 , loss 1.8941356e-06 , lr 0.00012073645169758072
iter 11500 , loss 0.06468528 , lr 0.0001149831954216142
iter 11750 , loss 9.797012e-07 , lr 0.00010928393252023886
iter 12000 , loss 0.124996655 , lr 0.0001036474508437579
iter 12250 , loss 1.8703223e-06 , lr 9.808244143837605e-05
iter 12500 , loss 1.4722517e-06 , lr 9.259748514523656e-05
iter 12750 , loss 0.0001451591 , lr 8.720103936938576e-05
iter 13000 , loss 7.406997e-07 , lr 8.190142503906798e-05
iter 13250 , loss 4.3295393e-07 , lr 7.670681377545674e-05
iter 13500 , loss 4.2444773e-07 , lr 7.162521529260767e-05
iter 13750 , loss 8.0541804e-07 , lr 6.66644650470597e-05
iter 14000 , loss 1.2245865e-06 , lr 6.183221215612904e-05
iter 14250 , loss 1.2850754e-05 , lr 5.7135907603524936e-05
iter 14500 , loss 2.5583552e-07 , lr 5.2582792750472464e-05
iter 14750 , loss 3.2125365e-07 , lr 4.817988817005873e-05
iter 15000 , loss 3.19038e-07 , lr 4.3933982822017876e-05
iter 15250 , loss 2.740009e-07 , lr 3.9851623584647144e-05
iter 15500 , loss 2.5654407e-07 , lr 3.593910515999536e-05
iter 15750 , loss 1.1850826e-06 , lr 3.220246036788829e-05
iter 16000 , loss 2.3194573e-07 , lr 2.8647450843757897e-05
iter 16250 , loss 2.887589e-07 , lr 2.5279558154618197e-05
iter 16500 , loss 0.07421272 , lr 2.210397534688617e-05
iter 16750 , loss 2.4283685e-07 , lr 1.912559893908042e-05
iter 17000 , loss 2.6098246e-07 , lr 1.634902137174483e-05
iter 17250 , loss 2.685957e-07 , lr 1.3778523926237827e-05
iter 17500 , loss 4.1751557e-07 , lr 1.1418070123306989e-05
iter 17750 , loss 2.5218628e-07 , lr 9.271299611627391e-06
iter 18000 , loss 3.7763147e-07 , lr 7.34152255572697e-06
iter 18250 , loss 2.5622396e-07 , lr 5.631714531952908e-06
iter 18500 , loss 2.835671e-07 , lr 4.144511940348516e-06
iter 18750 , loss 2.687044e-07 , lr 2.882207939515435e-06
iter 19000 , loss 2.7469258e-07 , lr 1.8467489107293509e-06
iter 19250 , loss 3.3850438e-07 , lr 1.0397314567610559e-06
iter 19500 , loss 2.420374e-06 , lr 4.623999400308054e-07
iter 19750 , loss 2.5876565e-07 , lr 1.1564456389156485e-07
iter 20000 , loss 2.576359e-07 , lr 0.0
                                  
================================= 
Global information about the job: 
================================= 
  
Job owner: saumi(54773)
Job name:  isa-discovery-mode2
Node list: ravg1167
Job start: Mon Dec 18 15:26:08 CET 2023
Job end:   Mon Dec 18 16:43:10 CET 2023
Work dir:  /raven/u/saumi/multi-object-detection/Slot-Attention/code
Command:   /raven/u/saumi/multi-object-detection/Slot-Attention/code/slurm_scripts/isa-discovery-mode2.sh
  
  
  
==========================================================================================
Information on jobsteps (Note: MaxRSS/AveRSS is the maximum/average over all 
tasks of the per-task memory high-water marks; cf. "man sacct"): 
==========================================================================================
  
JobID            JobName NNodes NTasks  NCPUS       MaxRSS       AveRSS    Elapsed ExitCode
------------- ---------- ------ ------ ------ ------------ ------------ ---------- --------
8437600       isa-discov      1             8                             01:17:02      0:0
  
Maximum memory per node: 3.328087 GB (defined as MaxRSS*Ntasks/NNodes)
CPU utilization: 24.6 %
  
