/raven/u/saumi/multi-object-detection/Slot-Attention/code
Using MyBigResNet to encode data.
Training starting from freshly initialized weights
Traceback (most recent call last):
  File "/raven/u/saumi/multi-object-detection/Slot-Attention/code/train-scclevr-encoder-study.py", line 415, in <module>
    train(model, 
  File "/raven/u/saumi/multi-object-detection/Slot-Attention/code/train-scclevr-encoder-study.py", line 169, in train
    obj_type = kwargs['obj_type']
KeyError: 'obj_type'
                                  
================================= 
Global information about the job: 
================================= 
  
Job owner: saumi(54773)
Job name:  isa-scclevr-EncStudy-myBigResNet-longTraining
Node list: ravg1205
Job start: Fri Feb  2 16:08:35 CET 2024
Job end:   Fri Feb  2 16:08:54 CET 2024
Work dir:  /raven/u/saumi/multi-object-detection/Slot-Attention/code
Command:   /raven/u/saumi/multi-object-detection/Slot-Attention/code/slurm_scripts/isa-scclevr-EncStudy-myBigResNet-longTraining.sh
  
  
  
==========================================================================================
Information on jobsteps (Note: MaxRSS/AveRSS is the maximum/average over all 
tasks of the per-task memory high-water marks; cf. "man sacct"): 
==========================================================================================
  
JobID            JobName NNodes NTasks  NCPUS       MaxRSS       AveRSS    Elapsed ExitCode
------------- ---------- ------ ------ ------ ------------ ------------ ---------- --------
9210182       isa-scclev      1             8                             00:00:19      1:0
  
Maximum memory per node: 0.001339 GB (defined as MaxRSS*Ntasks/NNodes)
CPU utilization: 0.0 %
  
