
CondaValueError: prefix already exists: /u/saumi/conda-envs/gpu_env


CommandNotFoundError: Your shell has not been properly configured to use 'conda activate'.
To initialize your shell, run

    $ conda init <SHELL_NAME>

Currently supported shells are:
  - bash
  - fish
  - tcsh
  - xonsh
  - zsh
  - powershell

See 'conda init --help' for more information and options.

IMPORTANT: You may need to close and restart your shell after running 'conda init'.


/raven/u/saumi/multi-object-detection/Slot-Attention/code
/raven/u/saumi/multi-object-detection/Slot-Attention/code/data.py:94: RuntimeWarning: invalid value encountered in true_divide
  eventMasks = np.where(eventHistograms>0,eventMasks/eventHistograms,eventMasks)
Starting from an earlier training from configs/isa-cosine-decay.yaml
iter 250 , loss 0.23832394 , lr 1.4994217771805423e-05
iter 500 , loss 0.1841026 , lr 2.9953760005996917e-05
iter 750 , loss 0.1534927 , lr 4.484404028148584e-05
iter 1000 , loss 0.12551521 , lr 5.963065021785413e-05
iter 1250 , loss 0.115253255 , lr 7.427944801512113e-05
iter 1500 , loss 0.101734534 , lr 8.875664641789544e-05
iter 1750 , loss 0.096307576 , lr 0.00010302889991381646
iter 2000 , loss 0.087558955 , lr 0.00011706339097770922
iter 2250 , loss 0.085300595 , lr 0.00013082791517476767
iter 2500 , loss 0.058364835 , lr 0.0001442909649383465
iter 2750 , loss 0.06734272 , lr 0.00015742181184056923
iter 3000 , loss 0.063333124 , lr 0.00017019058717695308
iter 3250 , loss 0.055340897 , lr 0.00018256836068959774
iter 3500 , loss 0.05099566 , lr 0.00019452721725717964
iter 3750 , loss 0.040451493 , lr 0.00020604033138403634
iter 4000 , loss 0.04704928 , lr 0.0002170820393249937
iter 4250 , loss 0.06413133 , lr 0.00022762790868729492
iter 4500 , loss 0.043935645 , lr 0.0002376548053560042
iter 4750 , loss 0.04135135 , lr 0.00024714095759458514
iter 5000 , loss 0.035587505 , lr 0.00025606601717798207
iter 5250 , loss 0.041701473 , lr 0.0002518201118299413
iter 5500 , loss 0.0413782 , lr 0.00024741720724952754
iter 5750 , loss 0.044412233 , lr 0.00024286409239647507
iter 6000 , loss 0.048824526 , lr 0.00023816778784387094
iter 6250 , loss 0.049404327 , lr 0.00023333553495294033
iter 6500 , loss 0.055146337 , lr 0.0002283747847073923
iter 6750 , loss 0.05061533 , lr 0.00022329318622454325
iter 7000 , loss 0.060006198 , lr 0.00021809857496093199
iter 7250 , loss 0.03806009 , lr 0.0002127989606306142
iter 7500 , loss 0.05085848 , lr 0.00020740251485476345
iter 7750 , loss 0.06732412 , lr 0.00020191755856162393
iter 8000 , loss 0.05851735 , lr 0.0001963525491562421
iter 8250 , loss 0.055856638 , lr 0.00019071606747976113
iter 8500 , loss 0.06826943 , lr 0.0001850168045783858
iter 8750 , loss 0.06793465 , lr 0.00017926354830241924
iter 9000 , loss 0.06768666 , lr 0.00017346516975603462
iter 9250 , loss 0.06795268 , lr 0.00016763060961867566
iter 9500 , loss 0.065123804 , lr 0.00016176886435917675
iter 9750 , loss 0.06994111 , lr 0.0001558889723638603
iter 10000 , loss 0.062177964 , lr 0.00015
iter 10250 , loss 0.06302126 , lr 0.0001441110276361397
iter 10500 , loss 0.049451895 , lr 0.00013823113564082325
iter 10750 , loss 0.053416066 , lr 0.0001323693903813244
iter 11000 , loss 0.047685716 , lr 0.0001265348302439654
iter 11250 , loss 0.04708337 , lr 0.00012073645169758072
iter 11500 , loss 0.05923547 , lr 0.0001149831954216142
iter 11750 , loss 0.06110118 , lr 0.00010928393252023886
iter 12000 , loss 0.060448743 , lr 0.0001036474508437579
iter 12250 , loss 0.05873446 , lr 9.808244143837605e-05
iter 12500 , loss 0.047972262 , lr 9.259748514523656e-05
iter 12750 , loss 0.07586917 , lr 8.720103936938576e-05
iter 13000 , loss 0.070155755 , lr 8.190142503906798e-05
iter 13250 , loss 0.07445221 , lr 7.670681377545674e-05
iter 13500 , loss 0.072989024 , lr 7.162521529260767e-05
iter 13750 , loss 0.07959369 , lr 6.66644650470597e-05
iter 14000 , loss 0.08084656 , lr 6.183221215612904e-05
iter 14250 , loss 0.0801575 , lr 5.7135907603524936e-05
iter 14500 , loss 0.09229599 , lr 5.2582792750472464e-05
iter 14750 , loss 0.06900403 , lr 4.817988817005873e-05
iter 15000 , loss 0.08577533 , lr 4.3933982822017876e-05
iter 15250 , loss 0.098041534 , lr 3.9851623584647144e-05
iter 15500 , loss 0.08405347 , lr 3.593910515999536e-05
iter 15750 , loss 0.08729845 , lr 3.220246036788829e-05
iter 16000 , loss 0.09078389 , lr 2.8647450843757897e-05
iter 16250 , loss 0.08544288 , lr 2.5279558154618197e-05
iter 16500 , loss 0.08064071 , lr 2.210397534688617e-05
iter 16750 , loss 0.08233577 , lr 1.912559893908042e-05
iter 17000 , loss 0.072078735 , lr 1.634902137174483e-05
iter 17250 , loss 0.06983951 , lr 1.3778523926237827e-05
iter 17500 , loss 0.07585694 , lr 1.1418070123306989e-05
iter 17750 , loss 0.081428215 , lr 9.271299611627391e-06
iter 18000 , loss 0.08233093 , lr 7.34152255572697e-06
iter 18250 , loss 0.0784569 , lr 5.631714531952908e-06
iter 18500 , loss 0.07310891 , lr 4.144511940348516e-06
iter 18750 , loss 0.08242514 , lr 2.882207939515435e-06
iter 19000 , loss 0.079509065 , lr 1.8467489107293509e-06
iter 19250 , loss 0.0809142 , lr 1.0397314567610559e-06
iter 19500 , loss 0.08403759 , lr 4.623999400308054e-07
iter 19750 , loss 0.080388986 , lr 1.1564456389156485e-07
iter 20000 , loss 0.08231901 , lr 0.0
                                  
================================= 
Global information about the job: 
================================= 
  
Job owner: saumi(54773)
Job name:  isa-alpha3_3
Node list: ravg1114
Job start: Mon Nov 13 17:28:47 CET 2023
Job end:   Mon Nov 13 19:23:44 CET 2023
Work dir:  /raven/u/saumi/multi-object-detection/Slot-Attention/code
Command:   /raven/u/saumi/multi-object-detection/Slot-Attention/code/slurm_scripts/isa-alpha3_3.sh
  
  
  
==========================================================================================
Information on jobsteps (Note: MaxRSS/AveRSS is the maximum/average over all 
tasks of the per-task memory high-water marks; cf. "man sacct"): 
==========================================================================================
  
JobID            JobName NNodes NTasks  NCPUS       MaxRSS       AveRSS    Elapsed ExitCode
------------- ---------- ------ ------ ------ ------------ ------------ ---------- --------
7832348       isa-alpha3      1             8                             01:54:57      0:0
  
Maximum memory per node: 2.712371 GB (defined as MaxRSS*Ntasks/NNodes)
CPU utilization: 121.1 %
  
