
CondaValueError: prefix already exists: /u/saumi/conda-envs/gpu_env


CommandNotFoundError: Your shell has not been properly configured to use 'conda activate'.
To initialize your shell, run

    $ conda init <SHELL_NAME>

Currently supported shells are:
  - bash
  - fish
  - tcsh
  - xonsh
  - zsh
  - powershell

See 'conda init --help' for more information and options.

IMPORTANT: You may need to close and restart your shell after running 'conda init'.


/raven/u/saumi/multi-object-detection/Slot-Attention/code
/raven/u/saumi/multi-object-detection/Slot-Attention/code/data.py:94: RuntimeWarning: invalid value encountered in true_divide
  eventMasks = np.where(eventHistograms>0,eventMasks/eventHistograms,eventMasks)
Starting from an earlier training from configs/isa-cosine-decay.yaml
iter 250 , loss 0.25471923 , lr 1.4994217771805423e-05
iter 500 , loss 0.18446594 , lr 2.9953760005996917e-05
iter 750 , loss 0.1517601 , lr 4.484404028148584e-05
iter 1000 , loss 0.13211054 , lr 5.963065021785413e-05
iter 1250 , loss 0.11620639 , lr 7.427944801512113e-05
iter 1500 , loss 0.10239123 , lr 8.875664641789544e-05
iter 1750 , loss 0.08678531 , lr 0.00010302889991381646
iter 2000 , loss 0.07731278 , lr 0.00011706339097770922
iter 2250 , loss 0.06737955 , lr 0.00013082791517476767
iter 2500 , loss 0.07019426 , lr 0.0001442909649383465
iter 2750 , loss 0.061175756 , lr 0.00015742181184056923
iter 3000 , loss 0.05334693 , lr 0.00017019058717695308
iter 3250 , loss 0.053975698 , lr 0.00018256836068959774
iter 3500 , loss 0.04836584 , lr 0.00019452721725717964
iter 3750 , loss 0.04426363 , lr 0.00020604033138403634
iter 4000 , loss 0.0473572 , lr 0.0002170820393249937
iter 4250 , loss 0.05245378 , lr 0.00022762790868729492
iter 4500 , loss 0.04697001 , lr 0.0002376548053560042
iter 4750 , loss 0.042157378 , lr 0.00024714095759458514
iter 5000 , loss 0.03415838 , lr 0.00025606601717798207
iter 5250 , loss 0.03309104 , lr 0.0002518201118299413
iter 5500 , loss 0.037411563 , lr 0.00024741720724952754
iter 5750 , loss 0.040511318 , lr 0.00024286409239647507
iter 6000 , loss 0.044148885 , lr 0.00023816778784387094
iter 6250 , loss 0.026957355 , lr 0.00023333553495294033
iter 6500 , loss 0.028705753 , lr 0.0002283747847073923
iter 6750 , loss 0.043104112 , lr 0.00022329318622454325
iter 7000 , loss 0.04295858 , lr 0.00021809857496093199
iter 7250 , loss 0.029047027 , lr 0.0002127989606306142
iter 7500 , loss 0.028341964 , lr 0.00020740251485476345
iter 7750 , loss 0.03432491 , lr 0.00020191755856162393
iter 8000 , loss 0.03269817 , lr 0.0001963525491562421
iter 8250 , loss 0.036888964 , lr 0.00019071606747976113
iter 8500 , loss 0.029357435 , lr 0.0001850168045783858
iter 8750 , loss 0.037072483 , lr 0.00017926354830241924
iter 9000 , loss 0.03501164 , lr 0.00017346516975603462
iter 9250 , loss 0.033943396 , lr 0.00016763060961867566
iter 9500 , loss 0.030487357 , lr 0.00016176886435917675
iter 9750 , loss 0.029169828 , lr 0.0001558889723638603
iter 10000 , loss 0.027873812 , lr 0.00015
iter 10250 , loss 0.030820448 , lr 0.0001441110276361397
iter 10500 , loss 0.029807594 , lr 0.00013823113564082325
iter 10750 , loss 0.030484602 , lr 0.0001323693903813244
iter 11000 , loss 0.026836174 , lr 0.0001265348302439654
iter 11250 , loss 0.026558494 , lr 0.00012073645169758072
iter 11500 , loss 0.029988492 , lr 0.0001149831954216142
iter 11750 , loss 0.03373373 , lr 0.00010928393252023886
iter 12000 , loss 0.024386723 , lr 0.0001036474508437579
iter 12250 , loss 0.021474652 , lr 9.808244143837605e-05
iter 12500 , loss 0.027296847 , lr 9.259748514523656e-05
iter 12750 , loss 0.034695942 , lr 8.720103936938576e-05
iter 13000 , loss 0.036176905 , lr 8.190142503906798e-05
iter 13250 , loss 0.026585408 , lr 7.670681377545674e-05
iter 13500 , loss 0.02324767 , lr 7.162521529260767e-05
iter 13750 , loss 0.02193049 , lr 6.66644650470597e-05
iter 14000 , loss 0.029265435 , lr 6.183221215612904e-05
iter 14250 , loss 0.029929873 , lr 5.7135907603524936e-05
iter 14500 , loss 0.024612991 , lr 5.2582792750472464e-05
iter 14750 , loss 0.025708836 , lr 4.817988817005873e-05
iter 15000 , loss 0.027555287 , lr 4.3933982822017876e-05
iter 15250 , loss 0.02240238 , lr 3.9851623584647144e-05
iter 15500 , loss 0.029156487 , lr 3.593910515999536e-05
iter 15750 , loss 0.03113239 , lr 3.220246036788829e-05
iter 16000 , loss 0.025197864 , lr 2.8647450843757897e-05
iter 16250 , loss 0.030145122 , lr 2.5279558154618197e-05
iter 16500 , loss 0.026913423 , lr 2.210397534688617e-05
iter 16750 , loss 0.03401113 , lr 1.912559893908042e-05
iter 17000 , loss 0.02967279 , lr 1.634902137174483e-05
iter 17250 , loss 0.026060991 , lr 1.3778523926237827e-05
iter 17500 , loss 0.02472736 , lr 1.1418070123306989e-05
iter 17750 , loss 0.027574906 , lr 9.271299611627391e-06
iter 18000 , loss 0.02865181 , lr 7.34152255572697e-06
iter 18250 , loss 0.026702795 , lr 5.631714531952908e-06
iter 18500 , loss 0.03414534 , lr 4.144511940348516e-06
iter 18750 , loss 0.023010448 , lr 2.882207939515435e-06
iter 19000 , loss 0.02733384 , lr 1.8467489107293509e-06
iter 19250 , loss 0.022950668 , lr 1.0397314567610559e-06
iter 19500 , loss 0.030349284 , lr 4.623999400308054e-07
iter 19750 , loss 0.02788165 , lr 1.1564456389156485e-07
iter 20000 , loss 0.03109271 , lr 0.0
                                  
================================= 
Global information about the job: 
================================= 
  
Job owner: saumi(54773)
Job name:  isa-alpha3_8
Node list: ravg1011
Job start: Mon Nov 13 17:28:47 CET 2023
Job end:   Mon Nov 13 19:24:07 CET 2023
Work dir:  /raven/u/saumi/multi-object-detection/Slot-Attention/code
Command:   /raven/u/saumi/multi-object-detection/Slot-Attention/code/slurm_scripts/isa-alpha3_8.sh
  
  
  
==========================================================================================
Information on jobsteps (Note: MaxRSS/AveRSS is the maximum/average over all 
tasks of the per-task memory high-water marks; cf. "man sacct"): 
==========================================================================================
  
JobID            JobName NNodes NTasks  NCPUS       MaxRSS       AveRSS    Elapsed ExitCode
------------- ---------- ------ ------ ------ ------------ ------------ ---------- --------
7832353       isa-alpha3      1             8                             01:55:20      0:0
  
Maximum memory per node: 3.254390 GB (defined as MaxRSS*Ntasks/NNodes)
CPU utilization: 123.1 %
  
