
CondaValueError: prefix already exists: /u/saumi/conda-envs/gpu_env


CommandNotFoundError: Your shell has not been properly configured to use 'conda activate'.
To initialize your shell, run

    $ conda init <SHELL_NAME>

Currently supported shells are:
  - bash
  - fish
  - tcsh
  - xonsh
  - zsh
  - powershell

See 'conda init --help' for more information and options.

IMPORTANT: You may need to close and restart your shell after running 'conda init'.


/raven/u/saumi/multi-object-detection/Slot-Attention/code
/raven/u/saumi/multi-object-detection/Slot-Attention/code/data.py:94: RuntimeWarning: invalid value encountered in true_divide
  eventMasks = np.where(eventHistograms>0,eventMasks/eventHistograms,eventMasks)
Starting from an earlier training from configs/isa-cosine-decay.yaml
iter 250 , loss 0.23910561 , lr 1.4994217771805423e-05
iter 500 , loss 0.17348367 , lr 2.9953760005996917e-05
iter 750 , loss 0.13778628 , lr 4.484404028148584e-05
iter 1000 , loss 0.12611258 , lr 5.963065021785413e-05
iter 1250 , loss 0.111463115 , lr 7.427944801512113e-05
iter 1500 , loss 0.095665015 , lr 8.875664641789544e-05
iter 1750 , loss 0.08150791 , lr 0.00010302889991381646
iter 2000 , loss 0.08072984 , lr 0.00011706339097770922
iter 2250 , loss 0.07574887 , lr 0.00013082791517476767
iter 2500 , loss 0.060461696 , lr 0.0001442909649383465
iter 2750 , loss 0.057442684 , lr 0.00015742181184056923
iter 3000 , loss 0.05722131 , lr 0.00017019058717695308
iter 3250 , loss 0.05159193 , lr 0.00018256836068959774
iter 3500 , loss 0.056925155 , lr 0.00019452721725717964
iter 3750 , loss 0.049951866 , lr 0.00020604033138403634
iter 4000 , loss 0.0543158 , lr 0.0002170820393249937
iter 4250 , loss 0.051885046 , lr 0.00022762790868729492
iter 4500 , loss 0.04817917 , lr 0.0002376548053560042
iter 4750 , loss 0.04845798 , lr 0.00024714095759458514
iter 5000 , loss 0.044331215 , lr 0.00025606601717798207
iter 5250 , loss 0.03550093 , lr 0.0002518201118299413
iter 5500 , loss 0.03226909 , lr 0.00024741720724952754
iter 5750 , loss 0.035092317 , lr 0.00024286409239647507
iter 6000 , loss 0.039749894 , lr 0.00023816778784387094
iter 6250 , loss 0.037509337 , lr 0.00023333553495294033
iter 6500 , loss 0.04261313 , lr 0.0002283747847073923
iter 6750 , loss 0.042606086 , lr 0.00022329318622454325
iter 7000 , loss 0.05187039 , lr 0.00021809857496093199
iter 7250 , loss 0.04557003 , lr 0.0002127989606306142
iter 7500 , loss 0.066182435 , lr 0.00020740251485476345
iter 7750 , loss 0.07007682 , lr 0.00020191755856162393
iter 8000 , loss 0.046003018 , lr 0.0001963525491562421
iter 8250 , loss 0.042641945 , lr 0.00019071606747976113
iter 8500 , loss 0.03772118 , lr 0.0001850168045783858
iter 8750 , loss 0.03508752 , lr 0.00017926354830241924
iter 9000 , loss 0.04123889 , lr 0.00017346516975603462
iter 9250 , loss 0.033751935 , lr 0.00016763060961867566
iter 9500 , loss 0.03923526 , lr 0.00016176886435917675
iter 9750 , loss 0.029533237 , lr 0.0001558889723638603
iter 10000 , loss 0.03277151 , lr 0.00015
iter 10250 , loss 0.034592144 , lr 0.0001441110276361397
iter 10500 , loss 0.03748999 , lr 0.00013823113564082325
iter 10750 , loss 0.046695665 , lr 0.0001323693903813244
iter 11000 , loss 0.03834258 , lr 0.0001265348302439654
iter 11250 , loss 0.047766436 , lr 0.00012073645169758072
iter 11500 , loss 0.046750262 , lr 0.0001149831954216142
iter 11750 , loss 0.052523464 , lr 0.00010928393252023886
iter 12000 , loss 0.05494244 , lr 0.0001036474508437579
iter 12250 , loss 0.046614435 , lr 9.808244143837605e-05
iter 12500 , loss 0.050234318 , lr 9.259748514523656e-05
iter 12750 , loss 0.042284288 , lr 8.720103936938576e-05
iter 13000 , loss 0.031308345 , lr 8.190142503906798e-05
iter 13250 , loss 0.032923445 , lr 7.670681377545674e-05
iter 13500 , loss 0.03464426 , lr 7.162521529260767e-05
iter 13750 , loss 0.033979103 , lr 6.66644650470597e-05
iter 14000 , loss 0.022982657 , lr 6.183221215612904e-05
iter 14250 , loss 0.03263541 , lr 5.7135907603524936e-05
iter 14500 , loss 0.04023225 , lr 5.2582792750472464e-05
iter 14750 , loss 0.035728544 , lr 4.817988817005873e-05
iter 15000 , loss 0.031666763 , lr 4.3933982822017876e-05
iter 15250 , loss 0.032301057 , lr 3.9851623584647144e-05
iter 15500 , loss 0.033147275 , lr 3.593910515999536e-05
iter 15750 , loss 0.034050807 , lr 3.220246036788829e-05
iter 16000 , loss 0.032396995 , lr 2.8647450843757897e-05
iter 16250 , loss 0.03753348 , lr 2.5279558154618197e-05
iter 16500 , loss 0.03467451 , lr 2.210397534688617e-05
iter 16750 , loss 0.031027712 , lr 1.912559893908042e-05
iter 17000 , loss 0.031338245 , lr 1.634902137174483e-05
iter 17250 , loss 0.028261885 , lr 1.3778523926237827e-05
iter 17500 , loss 0.028737912 , lr 1.1418070123306989e-05
iter 17750 , loss 0.036658015 , lr 9.271299611627391e-06
iter 18000 , loss 0.029266825 , lr 7.34152255572697e-06
iter 18250 , loss 0.026806924 , lr 5.631714531952908e-06
iter 18500 , loss 0.028659198 , lr 4.144511940348516e-06
iter 18750 , loss 0.031193802 , lr 2.882207939515435e-06
iter 19000 , loss 0.033217277 , lr 1.8467489107293509e-06
iter 19250 , loss 0.029904949 , lr 1.0397314567610559e-06
iter 19500 , loss 0.02840036 , lr 4.623999400308054e-07
iter 19750 , loss 0.029997576 , lr 1.1564456389156485e-07
iter 20000 , loss 0.028169792 , lr 0.0
                                  
================================= 
Global information about the job: 
================================= 
  
Job owner: saumi(54773)
Job name:  isa-alpha3_5
Node list: ravg1159
Job start: Mon Nov 13 17:28:47 CET 2023
Job end:   Mon Nov 13 19:24:16 CET 2023
Work dir:  /raven/u/saumi/multi-object-detection/Slot-Attention/code
Command:   /raven/u/saumi/multi-object-detection/Slot-Attention/code/slurm_scripts/isa-alpha3_5.sh
  
  
  
==========================================================================================
Information on jobsteps (Note: MaxRSS/AveRSS is the maximum/average over all 
tasks of the per-task memory high-water marks; cf. "man sacct"): 
==========================================================================================
  
JobID            JobName NNodes NTasks  NCPUS       MaxRSS       AveRSS    Elapsed ExitCode
------------- ---------- ------ ------ ------ ------------ ------------ ---------- --------
7832350       isa-alpha3      1             8                             01:55:29      0:0
  
Maximum memory per node: 3.369480 GB (defined as MaxRSS*Ntasks/NNodes)
CPU utilization: 120.6 %
  
