/raven/u/saumi/multi-object-detection/Slot-Attention/code
slurmstepd: error: *** JOB 9092490 ON ravg1078 CANCELLED AT 2024-01-24T00:53:36 DUE TO TIME LIMIT ***
                                  
================================= 
Global information about the job: 
================================= 
  
Job owner: saumi(54773)
Job name:  isa-scclevr-tracks
Node list: ravg1078
Job start: Tue Jan 23 12:53:17 CET 2024
Job end:   Wed Jan 24 00:53:36 CET 2024
Work dir:  /raven/u/saumi/multi-object-detection/Slot-Attention/code
Command:   /raven/u/saumi/multi-object-detection/Slot-Attention/code/slurm_scripts/isa-scclevr-tracks.sh
  
  
  
==========================================================================================
Information on jobsteps (Note: MaxRSS/AveRSS is the maximum/average over all 
tasks of the per-task memory high-water marks; cf. "man sacct"): 
==========================================================================================
  
JobID            JobName NNodes NTasks  NCPUS       MaxRSS       AveRSS    Elapsed ExitCode
------------- ---------- ------ ------ ------ ------------ ------------ ---------- --------
9092490       isa-scclev      1             8                             12:00:19      0:0
  
Maximum memory per node: 3.649520 GB (defined as MaxRSS*Ntasks/NNodes)
CPU utilization: 0.0 %
  
