
CondaValueError: prefix already exists: /u/saumi/conda-envs/gpu_env


CommandNotFoundError: Your shell has not been properly configured to use 'conda activate'.
To initialize your shell, run

    $ conda init <SHELL_NAME>

Currently supported shells are:
  - bash
  - fish
  - tcsh
  - xonsh
  - zsh
  - powershell

See 'conda init --help' for more information and options.

IMPORTANT: You may need to close and restart your shell after running 'conda init'.


/raven/u/saumi/multi-object-detection/Slot-Attention/code
Traceback (most recent call last):
  File "/raven/u/saumi/multi-object-detection/Slot-Attention/code/train-scclevr.py", line 19, in <module>
    from data_scclevr import makeRings 
  File "/raven/u/saumi/multi-object-detection/Slot-Attention/code/data_scclevr.py", line 10, in <module>
    import scclevr
ModuleNotFoundError: No module named 'scclevr'
                                  
================================= 
Global information about the job: 
================================= 
  
Job owner: saumi(54773)
Job name:  isa-alpha3_scclevr
Node list: ravg1004
Job start: Thu Nov 16 16:49:38 CET 2023
Job end:   Thu Nov 16 16:50:03 CET 2023
Work dir:  /raven/u/saumi/multi-object-detection/Slot-Attention/code
Command:   /raven/u/saumi/multi-object-detection/Slot-Attention/code/slurm_scripts/isa-alpha3_scclevr.sh
  
  
  
==========================================================================================
Information on jobsteps (Note: MaxRSS/AveRSS is the maximum/average over all 
tasks of the per-task memory high-water marks; cf. "man sacct"): 
==========================================================================================
  
JobID            JobName NNodes NTasks  NCPUS       MaxRSS       AveRSS    Elapsed ExitCode
------------- ---------- ------ ------ ------ ------------ ------------ ---------- --------
7860063       isa-alpha3      1             8                             00:00:25      1:0
  
Maximum memory per node: 0.001376 GB (defined as MaxRSS*Ntasks/NNodes)
CPU utilization: 0.0 %
  
