/raven/u/saumi/multi-object-detection/Slot-Attention/code
Traceback (most recent call last):
  File "/raven/u/saumi/multi-object-detection/Slot-Attention/code/train-scclevr-encoder-study.py", line 356, in <module>
    os.mkdir(newDir)
FileNotFoundError: [Errno 2] No such file or directory: 'models//encoder-studies/isa-scclevr-EncStudy-myBigResNet-longTraining'
                                  
================================= 
Global information about the job: 
================================= 
  
Job owner: saumi(54773)
Job name:  isa-scclevr-EncStudy-myBigResNet-longTraining
Node list: ravg1205
Job start: Fri Feb  2 15:48:57 CET 2024
Job end:   Fri Feb  2 15:49:33 CET 2024
Work dir:  /raven/u/saumi/multi-object-detection/Slot-Attention/code
Command:   /raven/u/saumi/multi-object-detection/Slot-Attention/code/slurm_scripts/isa-scclevr-EncStudy-myBigResNet-longTraining.sh
  
  
  
==========================================================================================
Information on jobsteps (Note: MaxRSS/AveRSS is the maximum/average over all 
tasks of the per-task memory high-water marks; cf. "man sacct"): 
==========================================================================================
  
JobID            JobName NNodes NTasks  NCPUS       MaxRSS       AveRSS    Elapsed ExitCode
------------- ---------- ------ ------ ------ ------------ ------------ ---------- --------
9210100       isa-scclev      1             8                             00:00:36      1:0
  
Maximum memory per node: 0.267103 GB (defined as MaxRSS*Ntasks/NNodes)
CPU utilization: 2.1 %
  
